<?xml version="1.0" encoding="UTF-8"?>
<!-- Generated by org.testng.reporters.JUnitReportReporter -->
<testsuite skipped="0" hostname="LAPTOP-JIEOSS87" name="org.sample.Testngrerun" tests="1" failures="0" timestamp="10 Apr 2021 06:52:58 GMT" time="0.016" errors="0">
  <testcase name="sample20" time="0.016" classname="org.sample.Testngrerun"/>
</testsuite> <!-- org.sample.Testngrerun -->
